<?xml version="1.0" encoding="UTF-8"?>
<!-- Generated by org.testng.reporters.JUnitReportReporter -->
<testsuite hostname="bpn" failures="0" tests="3" name="AutomationPractice.Login" time="11.120" errors="0" timestamp="2025-02-08T17:23:41 GMT+05:45" skipped="0">
  <testcase classname="AutomationPractice.Login" name="invaidlogin" time="1.381"/>
  <system-out/>
  <testcase classname="AutomationPractice.Login" name="login" time="0.182"/>
  <system-out/>
  <testcase classname="AutomationPractice.Login" name="addemployee" time="9.557"/>
  <system-out/>
</testsuite> <!-- AutomationPractice.Login -->
